<?xml version="1.0" encoding="UTF-8"?>
<!-- Generated by org.testng.reporters.JUnitReportReporter -->
<testsuite hostname="DESKTOP-6HPEAMJ" failures="0" tests="1" name="com.unitech.psptech.testCases.HomePage_TS_001" time="1.172" errors="0" timestamp="7 Feb 2023 00:04:09 GMT">
  <testcase classname="com.unitech.psptech.testCases.HomePage_TS_001" name="TC_001_ClickHeaderHomeButton" time="1.172"/>
</testsuite> <!-- com.unitech.psptech.testCases.HomePage_TS_001 -->
